corelib
-corelib/test
util
-util/test
-util/image/test
-util/image/demo
-util/tables/test
-util/bitset/test
-util/msvc
serial
-serial/test
connect
-connect/test
-connect/daemons
-connect/services/test
-connect/ext/test
objects
-objects/general/test
-objects/seq/test
-objects/seq/unit_test
-objects/id1/test
-objects/ncbimime/test
-objects/entrez2/demo
objmgr
-objmgr/test
objtools
-objtools/test
-objtools/data_loaders/genbank/test
-objtools/data_loaders/patcher/test
-objtools/readers/seqdb/test
-objtools/readers/seqdb/demo
-objtools/readers/app
-objtools/validator/test
-objtools/alnmgr/demo
-objtools/asniotest
-objtools/cddalignview/demo
-objtools/flat/demo
-objtools/data_loaders/genbank/readers/id1/split_cache
dbapi$
dbapi/driver$
bdb$
db/bdb$
algo/dustmask
app/dustmasker
