#define  LST_COMMENT1   Source code
misc$
misc/xmlwrapp

#define  LST_COMMENT2   Required for boost test framework which is used by tests
corelib$

#define  LST_COMMENT3   Requires to copy third party libs on WinXX
misc/third_party
misc/third_party_static

#define  LST_COMMENT4   Tests and demo
internal$
internal/test$
internal/test/misc$
internal/test/misc/xmlwrapp

internal/demo$
internal/demo/misc$
internal/demo/misc/xmlwrapp

#define  LST_COMMENT5    Make it independent on the pre-installed PTB
util$
util/regexp$
util/bitset$
serial$
serial/datatool$

