algo
app
build-system
cgi
check
connect
corelib
ctools
db
dbapi
dll
html
misc
objects
objmgr
objtools
sample
serial
util
internal$
internal/Makefile.in
internal/sra
./doc/public/LICENSE
./doc/public/gpl.txt
./doc/public/index_html_files
./doc/public/index.html
-dll/_ncbi
-dll/gui
-dll/internal
-./include/cgi/caf_encoded.hpp
-./include/cgi/caf_plain.hpp
-./include/connect/daemons
-./include/connect/ext
-./include/objtools/data_loaders/genbank/pubseq
-./include/objtools/data_loaders/genbank/pubseq2
-connect/daemons
-connect/ext
-connect/ncbi_lbsm.c
-connect/ncbi_lbsm.h
-connect/ncbi_lbsm_ipc.c
-connect/ncbi_lbsm_ipc.h
-connect/ncbi_lbsmd.c
-objtools/data_loaders/genbank/pubseq
-objtools/data_loaders/genbank/pubseq2
-./scripts/internal
-ctools/test
-objects/seq/unit_test/Makefile.seq_c_compat_unit_test.app 
-objects/seq/unit_test/seq_c_compat_unit_test.cpp 
